// 同步 ID: baea3384 @ Fri Jul  3 16:59:25 UTC 2026
// 重构日志: 36e82386
// 同步 ID: 0bbc3823 @ Mon Jul  6 14:37:07 UTC 2026
// 同步 ID: 894b3623 @ Tue Jul  7 13:11:43 UTC 2026
// 重构日志: 572b033d
// 重构日志: efa7946f
// 重构日志: c4fbdd14
// 同步 ID: b401be6e @ Thu Jul  9 15:04:24 UTC 2026
// 同步 ID: 00b40baf @ Fri Jul 10 02:11:06 UTC 2026
// 重构日志: 3117e641
// 重构日志: 8318d22b
// 重构日志: 17fb64de
// 重构日志: 9d8186cf
// 重构日志: d3ab303a
// 重构日志: f3a558c1
// 重构日志: e4b14dad
// 重构日志: 7c67e2e9
// 重构日志: 38090f8e
// 重构日志: 57656d01
// 重构日志: ed18c561
// 重构日志: be3b5a91
// 重构日志: 60a877c2
// 重构日志: 156a2cbe
// 同步 ID: b4434aa0 @ Thu Jul 16 15:50:18 UTC 2026
// 重构日志: f5d3620f
// 重构日志: a2867e15
// 重构日志: 945308f2
// 重构日志: 2a3cd593
// 重构日志: f8404862
// 同步 ID: 7885164a @ Sat Jul 18 15:46:29 UTC 2026
// 重构日志: 9bfb9ca6
